# JRE version: OpenJDK Runtime Environment (8.0_152-b06) (build 1.8.0_152-release-1136-b06)
# Java VM: OpenJDK 64-Bit Server VM (25.152-b06 mixed mode windows-amd64 compressed oops)
Heap:
 PSYoungGen      total 160256K, used 129421K [0x00000000e0000000, 0x00000000ed280000, 0x0000000100000000)
  eden space 147456K, 79% used [0x00000000e0000000,0x00000000e71e6400,0x00000000e9000000)
  from space 12800K, 99% used [0x00000000e9f00000,0x00000000eab7d238,0x00000000eab80000)
  to   space 15360K, 0% used [0x00000000e9000000,0x00000000e9000000,0x00000000e9f00000)
 ParOldGen       total 100352K, used 21639K [0x00000000a0000000, 0x00000000a6200000, 0x00000000e0000000)
  object space 100352K, 21% used [0x00000000a0000000,0x00000000a1521e30,0x00000000a6200000)
 Metaspace       used 54363K, capacity 55944K, committed 56320K, reserved 1097728K
  class space    used 7448K, capacity 7851K, committed 7936K, reserved 1048576K
GC Heap History (10 events):
Event: 2.701 GC heap before
{Heap before GC invocations=6 (full 1):
 PSYoungGen      total 70656K, used 5088K [0x00000000e0000000, 0x00000000e9400000, 0x0000000100000000)
  eden space 65536K, 0% used [0x00000000e0000000,0x00000000e0000000,0x00000000e4000000)
  from space 5120K, 99% used [0x00000000e4000000,0x00000000e44f8030,0x00000000e4500000)
  to   space 10240K, 0% used [0x00000000e8a00000,0x00000000e8a00000,0x00000000e9400000)
 ParOldGen       total 86016K, used 8225K [0x00000000a0000000, 0x00000000a5400000, 0x00000000e0000000)
  object space 86016K, 9% used [0x00000000a0000000,0x00000000a0808570,0x00000000a5400000)
 Metaspace       used 20836K, capacity 21244K, committed 21248K, reserved 1067008K
  class space    used 2926K, capacity 3072K, committed 3072K, reserved 1048576K
Event: 2.731 GC heap after
Heap after GC invocations=6 (full 1):
 PSYoungGen      total 70656K, used 0K [0x00000000e0000000, 0x00000000e9400000, 0x0000000100000000)
  eden space 65536K, 0% used [0x00000000e0000000,0x00000000e0000000,0x00000000e4000000)
  from space 5120K, 0% used [0x00000000e4000000,0x00000000e4000000,0x00000000e4500000)
  to   space 10240K, 0% used [0x00000000e8a00000,0x00000000e8a00000,0x00000000e9400000)
 ParOldGen       total 61440K, used 8358K [0x00000000a0000000, 0x00000000a3c00000, 0x00000000e0000000)
  object space 61440K, 13% used [0x00000000a0000000,0x00000000a0829af8,0x00000000a3c00000)
 Metaspace       used 20836K, capacity 21244K, committed 21248K, reserved 1067008K
  class space    used 2926K, capacity 3072K, committed 3072K, reserved 1048576K
}
Event: 3.737 GC heap before
{Heap before GC invocations=7 (full 1):
 PSYoungGen      total 70656K, used 65536K [0x00000000e0000000, 0x00000000e9400000, 0x0000000100000000)
  eden space 65536K, 100% used [0x00000000e0000000,0x00000000e4000000,0x00000000e4000000)
  from space 5120K, 0% used [0x00000000e4000000,0x00000000e4000000,0x00000000e4500000)
  to   space 10240K, 0% used [0x00000000e8a00000,0x00000000e8a00000,0x00000000e9400000)
 ParOldGen       total 61440K, used 8358K [0x00000000a0000000, 0x00000000a3c00000, 0x00000000e0000000)
  object space 61440K, 13% used [0x00000000a0000000,0x00000000a0829af8,0x00000000a3c00000)
 Metaspace       used 26541K, capacity 26966K, committed 27136K, reserved 1073152K
  class space    used 3637K, capacity 3797K, committed 3840K, reserved 1048576K
Event: 3.751 GC heap after
Heap after GC invocations=7 (full 1):
 PSYoungGen      total 107520K, used 6962K [0x00000000e0000000, 0x00000000e9100000, 0x0000000100000000)
  eden space 100352K, 0% used [0x00000000e0000000,0x00000000e0000000,0x00000000e6200000)
  from space 7168K, 97% used [0x00000000e8a00000,0x00000000e90ccb58,0x00000000e9100000)
  to   space 9728K, 0% used [0x00000000e7e00000,0x00000000e7e00000,0x00000000e8780000)
 ParOldGen       total 61440K, used 8366K [0x00000000a0000000, 0x00000000a3c00000, 0x00000000e0000000)
  object space 61440K, 13% used [0x00000000a0000000,0x00000000a082baf8,0x00000000a3c00000)
 Metaspace       used 26541K, capacity 26966K, committed 27136K, reserved 1073152K
  class space    used 3637K, capacity 3797K, committed 3840K, reserved 1048576K
}
Event: 5.537 GC heap before
{Heap before GC invocations=8 (full 1):
 PSYoungGen      total 107520K, used 99734K [0x00000000e0000000, 0x00000000e9100000, 0x0000000100000000)
  eden space 100352K, 92% used [0x00000000e0000000,0x00000000e5a98f28,0x00000000e6200000)
  from space 7168K, 97% used [0x00000000e8a00000,0x00000000e90ccb58,0x00000000e9100000)
  to   space 9728K, 0% used [0x00000000e7e00000,0x00000000e7e00000,0x00000000e8780000)
 ParOldGen       total 61440K, used 8366K [0x00000000a0000000, 0x00000000a3c00000, 0x00000000e0000000)
  object space 61440K, 13% used [0x00000000a0000000,0x00000000a082baf8,0x00000000a3c00000)
 Metaspace       used 34722K, capacity 35312K, committed 35416K, reserved 1079296K
  class space    used 4811K, capacity 5028K, committed 5120K, reserved 1048576K
Event: 5.547 GC heap after
Heap after GC invocations=8 (full 1):
 PSYoungGen      total 138752K, used 9708K [0x00000000e0000000, 0x00000000eab80000, 0x0000000100000000)
  eden space 129024K, 0% used [0x00000000e0000000,0x00000000e0000000,0x00000000e7e00000)
  from space 9728K, 99% used [0x00000000e7e00000,0x00000000e877b3e8,0x00000000e8780000)
  to   space 12800K, 0% used [0x00000000e9f00000,0x00000000e9f00000,0x00000000eab80000)
 ParOldGen       total 61440K, used 11408K [0x00000000a0000000, 0x00000000a3c00000, 0x00000000e0000000)
  object space 61440K, 18% used [0x00000000a0000000,0x00000000a0b243f8,0x00000000a3c00000)
 Metaspace       used 34722K, capacity 35312K, committed 35416K, reserved 1079296K
  class space    used 4811K, capacity 5028K, committed 5120K, reserved 1048576K
}
Event: 5.547 GC heap before
{Heap before GC invocations=9 (full 2):
 PSYoungGen      total 138752K, used 9708K [0x00000000e0000000, 0x00000000eab80000, 0x0000000100000000)
  eden space 129024K, 0% used [0x00000000e0000000,0x00000000e0000000,0x00000000e7e00000)
  from space 9728K, 99% used [0x00000000e7e00000,0x00000000e877b3e8,0x00000000e8780000)
  to   space 12800K, 0% used [0x00000000e9f00000,0x00000000e9f00000,0x00000000eab80000)
 ParOldGen       total 61440K, used 11408K [0x00000000a0000000, 0x00000000a3c00000, 0x00000000e0000000)
  object space 61440K, 18% used [0x00000000a0000000,0x00000000a0b243f8,0x00000000a3c00000)
 Metaspace       used 34722K, capacity 35312K, committed 35416K, reserved 1079296K
  class space    used 4811K, capacity 5028K, committed 5120K, reserved 1048576K
Event: 5.595 GC heap after
Heap after GC invocations=9 (full 2):
 PSYoungGen      total 138752K, used 0K [0x00000000e0000000, 0x00000000eab80000, 0x0000000100000000)
  eden space 129024K, 0% used [0x00000000e0000000,0x00000000e0000000,0x00000000e7e00000)
  from space 9728K, 0% used [0x00000000e7e00000,0x00000000e7e00000,0x00000000e8780000)
  to   space 12800K, 0% used [0x00000000e9f00000,0x00000000e9f00000,0x00000000eab80000)
 ParOldGen       total 100352K, used 19012K [0x00000000a0000000, 0x00000000a6200000, 0x00000000e0000000)
  object space 100352K, 18% used [0x00000000a0000000,0x00000000a1291290,0x00000000a6200000)
 Metaspace       used 34722K, capacity 35312K, committed 35416K, reserved 1079296K
  class space    used 4811K, capacity 5028K, committed 5120K, reserved 1048576K
}
Event: 7.249 GC heap before
{Heap before GC invocations=10 (full 2):
 PSYoungGen      total 138752K, used 129024K [0x00000000e0000000, 0x00000000eab80000, 0x0000000100000000)
  eden space 129024K, 100% used [0x00000000e0000000,0x00000000e7e00000,0x00000000e7e00000)
  from space 9728K, 0% used [0x00000000e7e00000,0x00000000e7e00000,0x00000000e8780000)
  to   space 12800K, 0% used [0x00000000e9f00000,0x00000000e9f00000,0x00000000eab80000)
 ParOldGen       total 100352K, used 19012K [0x00000000a0000000, 0x00000000a6200000, 0x00000000e0000000)
  object space 100352K, 18% used [0x00000000a0000000,0x00000000a1291290,0x00000000a6200000)
 Metaspace       used 42916K, capacity 43756K, committed 44032K, reserved 1087488K
  class space    used 5821K, capacity 6099K, committed 6144K, reserved 1048576K
Event: 7.265 GC heap after
Heap after GC invocations=10 (full 2):
 PSYoungGen      total 160256K, used 12788K [0x00000000e0000000, 0x00000000ed280000, 0x0000000100000000)
  eden space 147456K, 0% used [0x00000000e0000000,0x00000000e0000000,0x00000000e9000000)
  from space 12800K, 99% used [0x00000000e9f00000,0x00000000eab7d238,0x00000000eab80000)
  to   space 15360K, 0% used [0x00000000e9000000,0x00000000e9000000,0x00000000e9f00000)
 ParOldGen       total 100352K, used 21639K [0x00000000a0000000, 0x00000000a6200000, 0x00000000e0000000)
  object space 100352K, 21% used [0x00000000a0000000,0x00000000a1521e30,0x00000000a6200000)
 Metaspace       used 42916K, capacity 43756K, committed 44032K, reserved 1087488K
  class space    used 5821K, capacity 6099K, committed 6144K, reserved 1048576K
}

