# JRE version: OpenJDK Runtime Environment (8.0_152-b06) (build 1.8.0_152-release-1136-b06)
# Java VM: OpenJDK 64-Bit Server VM (25.152-b06 mixed mode windows-amd64 compressed oops)
Heap:
 PSYoungGen      total 172544K, used 29597K [0x00000000e0000000, 0x00000000ee700000, 0x0000000100000000)
  eden space 157184K, 9% used [0x00000000e0000000,0x00000000e0def3c8,0x00000000e9980000)
  from space 15360K, 99% used [0x00000000e9980000,0x00000000ea878250,0x00000000ea880000)
  to   space 21504K, 0% used [0x00000000ed200000,0x00000000ed200000,0x00000000ee700000)
 ParOldGen       total 96256K, used 31386K [0x00000000a0000000, 0x00000000a5e00000, 0x00000000e0000000)
  object space 96256K, 32% used [0x00000000a0000000,0x00000000a1ea6a88,0x00000000a5e00000)
 Metaspace       used 55683K, capacity 57262K, committed 57472K, reserved 1099776K
  class space    used 7612K, capacity 8030K, committed 8064K, reserved 1048576K
GC Heap History (10 events):
Event: 3.211 GC heap before
{Heap before GC invocations=7 (full 1):
 PSYoungGen      total 70656K, used 65536K [0x00000000e0000000, 0x00000000e9400000, 0x0000000100000000)
  eden space 65536K, 100% used [0x00000000e0000000,0x00000000e4000000,0x00000000e4000000)
  from space 5120K, 0% used [0x00000000e4000000,0x00000000e4000000,0x00000000e4500000)
  to   space 10240K, 0% used [0x00000000e8a00000,0x00000000e8a00000,0x00000000e9400000)
 ParOldGen       total 58880K, used 8362K [0x00000000a0000000, 0x00000000a3980000, 0x00000000e0000000)
  object space 58880K, 14% used [0x00000000a0000000,0x00000000a082abb0,0x00000000a3980000)
 Metaspace       used 26557K, capacity 27030K, committed 27136K, reserved 1073152K
  class space    used 3641K, capacity 3797K, committed 3840K, reserved 1048576K
Event: 3.219 GC heap after
Heap after GC invocations=7 (full 1):
 PSYoungGen      total 110592K, used 7074K [0x00000000e0000000, 0x00000000e9100000, 0x0000000100000000)
  eden space 103424K, 0% used [0x00000000e0000000,0x00000000e0000000,0x00000000e6500000)
  from space 7168K, 98% used [0x00000000e8a00000,0x00000000e90e8bd8,0x00000000e9100000)
  to   space 9728K, 0% used [0x00000000e7e00000,0x00000000e7e00000,0x00000000e8780000)
 ParOldGen       total 58880K, used 8370K [0x00000000a0000000, 0x00000000a3980000, 0x00000000e0000000)
  object space 58880K, 14% used [0x00000000a0000000,0x00000000a082cbb0,0x00000000a3980000)
 Metaspace       used 26557K, capacity 27030K, committed 27136K, reserved 1073152K
  class space    used 3641K, capacity 3797K, committed 3840K, reserved 1048576K
}
Event: 4.125 GC heap before
{Heap before GC invocations=8 (full 1):
 PSYoungGen      total 110592K, used 101404K [0x00000000e0000000, 0x00000000e9100000, 0x0000000100000000)
  eden space 103424K, 91% used [0x00000000e0000000,0x00000000e5c1e670,0x00000000e6500000)
  from space 7168K, 98% used [0x00000000e8a00000,0x00000000e90e8bd8,0x00000000e9100000)
  to   space 9728K, 0% used [0x00000000e7e00000,0x00000000e7e00000,0x00000000e8780000)
 ParOldGen       total 58880K, used 8370K [0x00000000a0000000, 0x00000000a3980000, 0x00000000e0000000)
  object space 58880K, 14% used [0x00000000a0000000,0x00000000a082cbb0,0x00000000a3980000)
 Metaspace       used 34743K, capacity 35322K, committed 35416K, reserved 1079296K
  class space    used 4819K, capacity 5031K, committed 5120K, reserved 1048576K
Event: 4.135 GC heap after
Heap after GC invocations=8 (full 1):
 PSYoungGen      total 138752K, used 9713K [0x00000000e0000000, 0x00000000eb500000, 0x0000000100000000)
  eden space 129024K, 0% used [0x00000000e0000000,0x00000000e0000000,0x00000000e7e00000)
  from space 9728K, 99% used [0x00000000e7e00000,0x00000000e877c528,0x00000000e8780000)
  to   space 12800K, 0% used [0x00000000ea880000,0x00000000ea880000,0x00000000eb500000)
 ParOldGen       total 58880K, used 11430K [0x00000000a0000000, 0x00000000a3980000, 0x00000000e0000000)
  object space 58880K, 19% used [0x00000000a0000000,0x00000000a0b29808,0x00000000a3980000)
 Metaspace       used 34743K, capacity 35322K, committed 35416K, reserved 1079296K
  class space    used 4819K, capacity 5031K, committed 5120K, reserved 1048576K
}
Event: 4.135 GC heap before
{Heap before GC invocations=9 (full 2):
 PSYoungGen      total 138752K, used 9713K [0x00000000e0000000, 0x00000000eb500000, 0x0000000100000000)
  eden space 129024K, 0% used [0x00000000e0000000,0x00000000e0000000,0x00000000e7e00000)
  from space 9728K, 99% used [0x00000000e7e00000,0x00000000e877c528,0x00000000e8780000)
  to   space 12800K, 0% used [0x00000000ea880000,0x00000000ea880000,0x00000000eb500000)
 ParOldGen       total 58880K, used 11430K [0x00000000a0000000, 0x00000000a3980000, 0x00000000e0000000)
  object space 58880K, 19% used [0x00000000a0000000,0x00000000a0b29808,0x00000000a3980000)
 Metaspace       used 34743K, capacity 35322K, committed 35416K, reserved 1079296K
  class space    used 4819K, capacity 5031K, committed 5120K, reserved 1048576K
Event: 4.183 GC heap after
Heap after GC invocations=9 (full 2):
 PSYoungGen      total 138752K, used 0K [0x00000000e0000000, 0x00000000eb500000, 0x0000000100000000)
  eden space 129024K, 0% used [0x00000000e0000000,0x00000000e0000000,0x00000000e7e00000)
  from space 9728K, 0% used [0x00000000e7e00000,0x00000000e7e00000,0x00000000e8780000)
  to   space 12800K, 0% used [0x00000000ea880000,0x00000000ea880000,0x00000000eb500000)
 ParOldGen       total 96256K, used 19001K [0x00000000a0000000, 0x00000000a5e00000, 0x00000000e0000000)
  object space 96256K, 19% used [0x00000000a0000000,0x00000000a128e438,0x00000000a5e00000)
 Metaspace       used 34743K, capacity 35322K, committed 35416K, reserved 1079296K
  class space    used 4819K, capacity 5031K, committed 5120K, reserved 1048576K
}
Event: 5.227 GC heap before
{Heap before GC invocations=10 (full 2):
 PSYoungGen      total 138752K, used 129024K [0x00000000e0000000, 0x00000000eb500000, 0x0000000100000000)
  eden space 129024K, 100% used [0x00000000e0000000,0x00000000e7e00000,0x00000000e7e00000)
  from space 9728K, 0% used [0x00000000e7e00000,0x00000000e7e00000,0x00000000e8780000)
  to   space 12800K, 0% used [0x00000000ea880000,0x00000000ea880000,0x00000000eb500000)
 ParOldGen       total 96256K, used 19001K [0x00000000a0000000, 0x00000000a5e00000, 0x00000000e0000000)
  object space 96256K, 19% used [0x00000000a0000000,0x00000000a128e438,0x00000000a5e00000)
 Metaspace       used 42947K, capacity 43756K, committed 44032K, reserved 1087488K
  class space    used 5828K, capacity 6099K, committed 6144K, reserved 1048576K
Event: 5.239 GC heap after
Heap after GC invocations=10 (full 2):
 PSYoungGen      total 169984K, used 12799K [0x00000000e0000000, 0x00000000ed080000, 0x0000000100000000)
  eden space 157184K, 0% used [0x00000000e0000000,0x00000000e0000000,0x00000000e9980000)
  from space 12800K, 99% used [0x00000000ea880000,0x00000000eb4ffc58,0x00000000eb500000)
  to   space 15360K, 0% used [0x00000000e9980000,0x00000000e9980000,0x00000000ea880000)
 ParOldGen       total 96256K, used 21633K [0x00000000a0000000, 0x00000000a5e00000, 0x00000000e0000000)
  object space 96256K, 22% used [0x00000000a0000000,0x00000000a1520480,0x00000000a5e00000)
 Metaspace       used 42947K, capacity 43756K, committed 44032K, reserved 1087488K
  class space    used 5828K, capacity 6099K, committed 6144K, reserved 1048576K
}
Event: 8.039 GC heap before
{Heap before GC invocations=11 (full 2):
 PSYoungGen      total 169984K, used 169983K [0x00000000e0000000, 0x00000000ed080000, 0x0000000100000000)
  eden space 157184K, 100% used [0x00000000e0000000,0x00000000e9980000,0x00000000e9980000)
  from space 12800K, 99% used [0x00000000ea880000,0x00000000eb4ffc58,0x00000000eb500000)
  to   space 15360K, 0% used [0x00000000e9980000,0x00000000e9980000,0x00000000ea880000)
 ParOldGen       total 96256K, used 21633K [0x00000000a0000000, 0x00000000a5e00000, 0x00000000e0000000)
  object space 96256K, 22% used [0x00000000a0000000,0x00000000a1520480,0x00000000a5e00000)
 Metaspace       used 55622K, capacity 57250K, committed 57472K, reserved 1099776K
  class space    used 7604K, capacity 8026K, committed 8064K, reserved 1048576K
Event: 8.060 GC heap after
Heap after GC invocations=11 (full 2):
 PSYoungGen      total 172544K, used 15328K [0x00000000e0000000, 0x00000000ee700000, 0x0000000100000000)
  eden space 157184K, 0% used [0x00000000e0000000,0x00000000e0000000,0x00000000e9980000)
  from space 15360K, 99% used [0x00000000e9980000,0x00000000ea878250,0x00000000ea880000)
  to   space 21504K, 0% used [0x00000000ed200000,0x00000000ed200000,0x00000000ee700000)
 ParOldGen       total 96256K, used 31386K [0x00000000a0000000, 0x00000000a5e00000, 0x00000000e0000000)
  object space 96256K, 32% used [0x00000000a0000000,0x00000000a1ea6a88,0x00000000a5e00000)
 Metaspace       used 55622K, capacity 57250K, committed 57472K, reserved 1099776K
  class space    used 7604K, capacity 8026K, committed 8064K, reserved 1048576K
}

