# JRE version: OpenJDK Runtime Environment (8.0_152-b06) (build 1.8.0_152-release-1136-b06)
# Java VM: OpenJDK 64-Bit Server VM (25.152-b06 mixed mode windows-amd64 compressed oops)
Heap:
 PSYoungGen      total 233472K, used 213435K [0x00000000e0000000, 0x00000000efc00000, 0x0000000100000000)
  eden space 212992K, 93% used [0x00000000e0000000,0x00000000ec1bf588,0x00000000ed000000)
  from space 20480K, 73% used [0x00000000ee800000,0x00000000ef6af868,0x00000000efc00000)
  to   space 22528K, 0% used [0x00000000ed000000,0x00000000ed000000,0x00000000ee600000)
 ParOldGen       total 137216K, used 51325K [0x00000000a0000000, 0x00000000a8600000, 0x00000000e0000000)
  object space 137216K, 37% used [0x00000000a0000000,0x00000000a321f5d8,0x00000000a8600000)
 Metaspace       used 82914K, capacity 87696K, committed 87808K, reserved 1126400K
  class space    used 10831K, capacity 11685K, committed 11776K, reserved 1048576K
GC Heap History (10 events):
Event: 287.229 GC heap before
{Heap before GC invocations=19 (full 3):
 PSYoungGen      total 165376K, used 156257K [0x00000000e0000000, 0x00000000ecb00000, 0x0000000100000000)
  eden space 146944K, 100% used [0x00000000e0000000,0x00000000e8f80000,0x00000000e8f80000)
  from space 18432K, 50% used [0x00000000e8f80000,0x00000000e9898598,0x00000000ea180000)
  to   space 17408K, 0% used [0x00000000eba00000,0x00000000eba00000,0x00000000ecb00000)
 ParOldGen       total 137216K, used 33141K [0x00000000a0000000, 0x00000000a8600000, 0x00000000e0000000)
  object space 137216K, 24% used [0x00000000a0000000,0x00000000a205d440,0x00000000a8600000)
 Metaspace       used 67964K, capacity 69946K, committed 70144K, reserved 1110016K
  class space    used 8760K, capacity 9194K, committed 9216K, reserved 1048576K
Event: 287.264 GC heap after
Heap after GC invocations=19 (full 3):
 PSYoungGen      total 160256K, used 17384K [0x00000000e0000000, 0x00000000ecb00000, 0x0000000100000000)
  eden space 142848K, 0% used [0x00000000e0000000,0x00000000e0000000,0x00000000e8b80000)
  from space 17408K, 99% used [0x00000000eba00000,0x00000000ecafa028,0x00000000ecb00000)
  to   space 20992K, 0% used [0x00000000ea200000,0x00000000ea200000,0x00000000eb680000)
 ParOldGen       total 137216K, used 36756K [0x00000000a0000000, 0x00000000a8600000, 0x00000000e0000000)
  object space 137216K, 26% used [0x00000000a0000000,0x00000000a23e52a0,0x00000000a8600000)
 Metaspace       used 67964K, capacity 69946K, committed 70144K, reserved 1110016K
  class space    used 8760K, capacity 9194K, committed 9216K, reserved 1048576K
}
Event: 289.727 GC heap before
{Heap before GC invocations=20 (full 3):
 PSYoungGen      total 160256K, used 159620K [0x00000000e0000000, 0x00000000ecb00000, 0x0000000100000000)
  eden space 142848K, 99% used [0x00000000e0000000,0x00000000e8ae7250,0x00000000e8b80000)
  from space 17408K, 99% used [0x00000000eba00000,0x00000000ecafa028,0x00000000ecb00000)
  to   space 20992K, 0% used [0x00000000ea200000,0x00000000ea200000,0x00000000eb680000)
 ParOldGen       total 137216K, used 36756K [0x00000000a0000000, 0x00000000a8600000, 0x00000000e0000000)
  object space 137216K, 26% used [0x00000000a0000000,0x00000000a23e52a0,0x00000000a8600000)
 Metaspace       used 69768K, capacity 71840K, committed 71936K, reserved 1112064K
  class space    used 8969K, capacity 9435K, committed 9472K, reserved 1048576K
Event: 289.745 GC heap after
Heap after GC invocations=20 (full 3):
 PSYoungGen      total 157184K, used 18046K [0x00000000e0000000, 0x00000000eba80000, 0x0000000100000000)
  eden space 138752K, 0% used [0x00000000e0000000,0x00000000e0000000,0x00000000e8780000)
  from space 18432K, 97% used [0x00000000ea200000,0x00000000eb39fb68,0x00000000eb400000)
  to   space 6656K, 0% used [0x00000000eb400000,0x00000000eb400000,0x00000000eba80000)
 ParOldGen       total 137216K, used 36764K [0x00000000a0000000, 0x00000000a8600000, 0x00000000e0000000)
  object space 137216K, 26% used [0x00000000a0000000,0x00000000a23e72a0,0x00000000a8600000)
 Metaspace       used 69768K, capacity 71840K, committed 71936K, reserved 1112064K
  class space    used 8969K, capacity 9435K, committed 9472K, reserved 1048576K
}
Event: 289.767 GC heap before
{Heap before GC invocations=21 (full 3):
 PSYoungGen      total 157184K, used 156103K [0x00000000e0000000, 0x00000000eba80000, 0x0000000100000000)
  eden space 138752K, 99% used [0x00000000e0000000,0x00000000e86d2400,0x00000000e8780000)
  from space 18432K, 97% used [0x00000000ea200000,0x00000000eb39fb68,0x00000000eb400000)
  to   space 6656K, 0% used [0x00000000eb400000,0x00000000eb400000,0x00000000eba80000)
 ParOldGen       total 137216K, used 36764K [0x00000000a0000000, 0x00000000a8600000, 0x00000000e0000000)
  object space 137216K, 26% used [0x00000000a0000000,0x00000000a23e72a0,0x00000000a8600000)
 Metaspace       used 69775K, capacity 71840K, committed 71936K, reserved 1112064K
  class space    used 8969K, capacity 9435K, committed 9472K, reserved 1048576K
Event: 289.779 GC heap after
Heap after GC invocations=21 (full 3):
 PSYoungGen      total 167424K, used 6640K [0x00000000e0000000, 0x00000000ee500000, 0x0000000100000000)
  eden space 160768K, 0% used [0x00000000e0000000,0x00000000e0000000,0x00000000e9d00000)
  from space 6656K, 99% used [0x00000000eb400000,0x00000000eba7c308,0x00000000eba80000)
  to   space 23552K, 0% used [0x00000000e9d00000,0x00000000e9d00000,0x00000000eb400000)
 ParOldGen       total 137216K, used 46585K [0x00000000a0000000, 0x00000000a8600000, 0x00000000e0000000)
  object space 137216K, 33% used [0x00000000a0000000,0x00000000a2d7e410,0x00000000a8600000)
 Metaspace       used 69775K, capacity 71840K, committed 71936K, reserved 1112064K
  class space    used 8969K, capacity 9435K, committed 9472K, reserved 1048576K
}
Event: 290.973 GC heap before
{Heap before GC invocations=22 (full 3):
 PSYoungGen      total 167424K, used 167408K [0x00000000e0000000, 0x00000000ee500000, 0x0000000100000000)
  eden space 160768K, 100% used [0x00000000e0000000,0x00000000e9d00000,0x00000000e9d00000)
  from space 6656K, 99% used [0x00000000eb400000,0x00000000eba7c308,0x00000000eba80000)
  to   space 23552K, 0% used [0x00000000e9d00000,0x00000000e9d00000,0x00000000eb400000)
 ParOldGen       total 137216K, used 46585K [0x00000000a0000000, 0x00000000a8600000, 0x00000000e0000000)
  object space 137216K, 33% used [0x00000000a0000000,0x00000000a2d7e410,0x00000000a8600000)
 Metaspace       used 73559K, capacity 76276K, committed 76416K, reserved 1116160K
  class space    used 9443K, capacity 10015K, committed 10112K, reserved 1048576K
Event: 290.988 GC heap after
Heap after GC invocations=22 (full 3):
 PSYoungGen      total 184320K, used 11803K [0x00000000e0000000, 0x00000000efe00000, 0x0000000100000000)
  eden space 160768K, 0% used [0x00000000e0000000,0x00000000e0000000,0x00000000e9d00000)
  from space 23552K, 50% used [0x00000000e9d00000,0x00000000ea886f98,0x00000000eb400000)
  to   space 22528K, 0% used [0x00000000ee800000,0x00000000ee800000,0x00000000efe00000)
 ParOldGen       total 137216K, used 49166K [0x00000000a0000000, 0x00000000a8600000, 0x00000000e0000000)
  object space 137216K, 35% used [0x00000000a0000000,0x00000000a3003ac8,0x00000000a8600000)
 Metaspace       used 73559K, capacity 76276K, committed 76416K, reserved 1116160K
  class space    used 9443K, capacity 10015K, committed 10112K, reserved 1048576K
}
Event: 293.811 GC heap before
{Heap before GC invocations=23 (full 3):
 PSYoungGen      total 184320K, used 172571K [0x00000000e0000000, 0x00000000efe00000, 0x0000000100000000)
  eden space 160768K, 100% used [0x00000000e0000000,0x00000000e9d00000,0x00000000e9d00000)
  from space 23552K, 50% used [0x00000000e9d00000,0x00000000ea886f98,0x00000000eb400000)
  to   space 22528K, 0% used [0x00000000ee800000,0x00000000ee800000,0x00000000efe00000)
 ParOldGen       total 137216K, used 49166K [0x00000000a0000000, 0x00000000a8600000, 0x00000000e0000000)
  object space 137216K, 35% used [0x00000000a0000000,0x00000000a3003ac8,0x00000000a8600000)
 Metaspace       used 80895K, capacity 85348K, committed 85632K, reserved 1124352K
  class space    used 10543K, capacity 11347K, committed 11392K, reserved 1048576K
Event: 293.828 GC heap after
Heap after GC invocations=23 (full 3):
 PSYoungGen      total 233472K, used 15038K [0x00000000e0000000, 0x00000000efc00000, 0x0000000100000000)
  eden space 212992K, 0% used [0x00000000e0000000,0x00000000e0000000,0x00000000ed000000)
  from space 20480K, 73% used [0x00000000ee800000,0x00000000ef6af868,0x00000000efc00000)
  to   space 22528K, 0% used [0x00000000ed000000,0x00000000ed000000,0x00000000ee600000)
 ParOldGen       total 137216K, used 51325K [0x00000000a0000000, 0x00000000a8600000, 0x00000000e0000000)
  object space 137216K, 37% used [0x00000000a0000000,0x00000000a321f5d8,0x00000000a8600000)
 Metaspace       used 80895K, capacity 85348K, committed 85632K, reserved 1124352K
  class space    used 10543K, capacity 11347K, committed 11392K, reserved 1048576K
}

